<?xml version="1.0" encoding="UTF-8"?>
<testng-results ignored="0" total="1" passed="1" failed="0" skipped="0">
  <reporter-output>
  </reporter-output>
  <suite started-at="2022-11-02T16:54:30 IST" name="Default suite" finished-at="2022-11-02T16:54:44 IST" duration-ms="14398">
    <groups>
    </groups>
    <test started-at="2022-11-02T16:54:30 IST" name="Default test" finished-at="2022-11-02T16:54:44 IST" duration-ms="14398">
      <class name="com.tests.AddToCart_Test">
        <test-method is-config="true" signature="launchApp()[pri:0, instance:com.tests.AddToCart_Test@694abbdc]" started-at="2022-11-02T16:54:30 IST" name="launchApp" finished-at="2022-11-02T16:54:42 IST" duration-ms="12025" status="PASS">
          <reporter-output>
          </reporter-output>
        </test-method> <!-- launchApp -->
        <test-method signature="addItemsToCart_Test()[pri:0, instance:com.tests.AddToCart_Test@694abbdc]" started-at="2022-11-02T16:54:42 IST" name="addItemsToCart_Test" finished-at="2022-11-02T16:54:44 IST" duration-ms="2223" status="PASS">
          <reporter-output>
          </reporter-output>
        </test-method> <!-- addItemsToCart_Test -->
        <test-method is-config="true" signature="closeApp()[pri:0, instance:com.tests.AddToCart_Test@694abbdc]" started-at="2022-11-02T16:54:44 IST" name="closeApp" finished-at="2022-11-02T16:54:44 IST" duration-ms="117" status="PASS">
          <reporter-output>
          </reporter-output>
        </test-method> <!-- closeApp -->
      </class> <!-- com.tests.AddToCart_Test -->
    </test> <!-- Default test -->
  </suite> <!-- Default suite -->
</testng-results>
